<?xml version="1.0" encoding="UTF-8"?>
<!-- Generated by org.testng.reporters.JUnitXMLReporter -->
<testsuite ignored="0" hostname="AKSHAY" failures="0" tests="4" name="All Tests" time="24.497" errors="0" timestamp="2026-04-24T12:33:29 IST">
  <testcase classname="tests.LoginTest" name="loginTest" time="1.015"/>
  <testcase classname="tests.CartTest" name="cartTest" time="1.514"/>
  <testcase classname="tests.CheckoutTest" name="checkoutTest" time="1.86"/>
  <testcase classname="tests.ApiTest" name="apiTest" time="2.84"/>
</testsuite> <!-- All Tests -->
