<?xml version="1.0" encoding="UTF-8"?>
<testng-results ignored="0" total="4" passed="4" failed="0" skipped="0">
  <reporter-output>
  </reporter-output>
  <suite started-at="2026-04-24T12:33:04 IST" name="Hybrid Suite" finished-at="2026-04-24T12:33:28 IST" duration-ms="24497">
    <groups>
    </groups>
    <test started-at="2026-04-24T12:33:04 IST" name="All Tests" finished-at="2026-04-24T12:33:28 IST" duration-ms="24497">
      <class name="tests.ApiTest">
        <test-method signature="apiTest()[pri:0, instance:tests.ApiTest@3e2055d6]" started-at="2026-04-24T12:33:25 IST" name="apiTest" finished-at="2026-04-24T12:33:28 IST" duration-ms="2840" status="PASS">
          <reporter-output>
          </reporter-output>
        </test-method> <!-- apiTest -->
      </class> <!-- tests.ApiTest -->
      <class name="tests.LoginTest">
        <test-method is-config="true" signature="setup()[pri:0, instance:tests.LoginTest@3e0e1046]" started-at="2026-04-24T12:33:04 IST" name="setup" finished-at="2026-04-24T12:33:11 IST" duration-ms="7216" status="PASS">
          <reporter-output>
          </reporter-output>
        </test-method> <!-- setup -->
        <test-method signature="loginTest()[pri:0, instance:tests.LoginTest@3e0e1046]" started-at="2026-04-24T12:33:11 IST" name="loginTest" finished-at="2026-04-24T12:33:12 IST" duration-ms="1015" status="PASS">
          <reporter-output>
          </reporter-output>
        </test-method> <!-- loginTest -->
        <test-method is-config="true" signature="tearDown()[pri:0, instance:tests.LoginTest@3e0e1046]" started-at="2026-04-24T12:33:12 IST" name="tearDown" finished-at="2026-04-24T12:33:13 IST" duration-ms="965" status="PASS">
          <reporter-output>
          </reporter-output>
        </test-method> <!-- tearDown -->
      </class> <!-- tests.LoginTest -->
      <class name="tests.CartTest">
        <test-method is-config="true" signature="setup()[pri:0, instance:tests.CartTest@64b0598]" started-at="2026-04-24T12:33:13 IST" name="setup" finished-at="2026-04-24T12:33:16 IST" duration-ms="2908" status="PASS">
          <reporter-output>
          </reporter-output>
        </test-method> <!-- setup -->
        <test-method signature="cartTest()[pri:0, instance:tests.CartTest@64b0598]" started-at="2026-04-24T12:33:16 IST" name="cartTest" finished-at="2026-04-24T12:33:17 IST" duration-ms="1514" status="PASS">
          <reporter-output>
          </reporter-output>
        </test-method> <!-- cartTest -->
        <test-method is-config="true" signature="tearDown()[pri:0, instance:tests.CartTest@64b0598]" started-at="2026-04-24T12:33:17 IST" name="tearDown" finished-at="2026-04-24T12:33:19 IST" duration-ms="1140" status="PASS">
          <reporter-output>
          </reporter-output>
        </test-method> <!-- tearDown -->
      </class> <!-- tests.CartTest -->
      <class name="tests.CheckoutTest">
        <test-method is-config="true" signature="setup()[pri:0, instance:tests.CheckoutTest@18f8cd79]" started-at="2026-04-24T12:33:19 IST" name="setup" finished-at="2026-04-24T12:33:22 IST" duration-ms="3719" status="PASS">
          <reporter-output>
          </reporter-output>
        </test-method> <!-- setup -->
        <test-method signature="checkoutTest()[pri:0, instance:tests.CheckoutTest@18f8cd79]" started-at="2026-04-24T12:33:22 IST" name="checkoutTest" finished-at="2026-04-24T12:33:24 IST" duration-ms="1860" status="PASS">
          <reporter-output>
          </reporter-output>
        </test-method> <!-- checkoutTest -->
        <test-method is-config="true" signature="tearDown()[pri:0, instance:tests.CheckoutTest@18f8cd79]" started-at="2026-04-24T12:33:24 IST" name="tearDown" finished-at="2026-04-24T12:33:25 IST" duration-ms="1180" status="PASS">
          <reporter-output>
          </reporter-output>
        </test-method> <!-- tearDown -->
      </class> <!-- tests.CheckoutTest -->
    </test> <!-- All Tests -->
  </suite> <!-- Hybrid Suite -->
</testng-results>
